mode: set
github.com/KEINOS/go-todotxt/todo/internal/parse/errors.go:21.59,22.16 1 1
github.com/KEINOS/go-todotxt/todo/internal/parse/errors.go:22.16,24.3 1 1
github.com/KEINOS/go-todotxt/todo/internal/parse/errors.go:26.2,26.16 1 1
github.com/KEINOS/go-todotxt/todo/internal/parse/errors.go:26.16,28.3 1 1
github.com/KEINOS/go-todotxt/todo/internal/parse/errors.go:30.2,30.43 1 1
github.com/KEINOS/go-todotxt/todo/internal/parse/errors.go:37.47,38.16 1 1
github.com/KEINOS/go-todotxt/todo/internal/parse/errors.go:38.16,40.3 1 1
github.com/KEINOS/go-todotxt/todo/internal/parse/errors.go:43.2,43.28 1 1
github.com/KEINOS/go-todotxt/todo/internal/parse/helpers.go:19.35,24.42 3 1
github.com/KEINOS/go-todotxt/todo/internal/parse/helpers.go:24.42,25.40 1 1
github.com/KEINOS/go-todotxt/todo/internal/parse/helpers.go:25.40,26.12 1 1
github.com/KEINOS/go-todotxt/todo/internal/parse/helpers.go:29.3,29.17 1 1
github.com/KEINOS/go-todotxt/todo/internal/parse/helpers.go:29.17,31.4 1 1
github.com/KEINOS/go-todotxt/todo/internal/parse/helpers.go:34.3,35.33 2 1
github.com/KEINOS/go-todotxt/todo/internal/parse/helpers.go:35.33,36.12 1 1
github.com/KEINOS/go-todotxt/todo/internal/parse/helpers.go:39.3,39.44 1 1
github.com/KEINOS/go-todotxt/todo/internal/parse/helpers.go:39.44,44.9 3 1
github.com/KEINOS/go-todotxt/todo/internal/parse/helpers.go:48.3,48.52 1 1
github.com/KEINOS/go-todotxt/todo/internal/parse/helpers.go:48.52,53.9 3 1
github.com/KEINOS/go-todotxt/todo/internal/parse/helpers.go:57.2,57.19 1 1
github.com/KEINOS/go-todotxt/todo/internal/parse/helpers.go:57.19,59.3 1 1
github.com/KEINOS/go-todotxt/todo/internal/parse/helpers.go:61.2,61.17 1 1
github.com/KEINOS/go-todotxt/todo/internal/parse/helpers.go:68.54,69.35 1 1
github.com/KEINOS/go-todotxt/todo/internal/parse/helpers.go:69.35,70.22 1 1
github.com/KEINOS/go-todotxt/todo/internal/parse/helpers.go:70.22,72.4 1 1
github.com/KEINOS/go-todotxt/todo/internal/parse/helpers.go:74.3,74.35 1 1
github.com/KEINOS/go-todotxt/todo/internal/parse/helpers.go:78.2,78.28 1 1
github.com/KEINOS/go-todotxt/todo/internal/parse/helpers.go:78.28,82.17 2 1
github.com/KEINOS/go-todotxt/todo/internal/parse/helpers.go:82.17,83.12 1 1
github.com/KEINOS/go-todotxt/todo/internal/parse/helpers.go:86.3,86.24 1 1
github.com/KEINOS/go-todotxt/todo/internal/parse/helpers.go:86.24,87.12 1 1
github.com/KEINOS/go-todotxt/todo/internal/parse/helpers.go:90.3,90.14 1 1
github.com/KEINOS/go-todotxt/todo/internal/parse/helpers.go:93.2,93.14 1 1
github.com/KEINOS/go-todotxt/todo/internal/parse/option.go:13.59,14.25 1 1
github.com/KEINOS/go-todotxt/todo/internal/parse/option.go:14.25,15.32 1 1
github.com/KEINOS/go-todotxt/todo/internal/parse/option.go:15.32,17.4 1 1
github.com/KEINOS/go-todotxt/todo/internal/parse/option.go:19.3,19.30 1 1
github.com/KEINOS/go-todotxt/todo/internal/parse/option.go:19.30,22.4 2 1
github.com/KEINOS/go-todotxt/todo/internal/parse/parse.go:40.70,47.16 4 1
github.com/KEINOS/go-todotxt/todo/internal/parse/parse.go:47.16,49.3 1 1
github.com/KEINOS/go-todotxt/todo/internal/parse/parse.go:51.2,51.20 1 1
github.com/KEINOS/go-todotxt/todo/internal/parse/parse.go:64.42,66.2 1 1
github.com/KEINOS/go-todotxt/todo/internal/parse/parse.go:70.68,74.17 3 1
github.com/KEINOS/go-todotxt/todo/internal/parse/parse.go:74.17,76.3 1 1
github.com/KEINOS/go-todotxt/todo/internal/parse/parse.go:79.2,79.32 1 1
github.com/KEINOS/go-todotxt/todo/internal/parse/parse.go:79.32,81.3 1 1
github.com/KEINOS/go-todotxt/todo/internal/parse/parse.go:83.2,83.57 1 1
github.com/KEINOS/go-todotxt/todo/internal/parse/parse.go:83.57,85.3 1 1
github.com/KEINOS/go-todotxt/todo/internal/parse/parse.go:88.2,91.31 3 1
github.com/KEINOS/go-todotxt/todo/internal/parse/parse.go:91.31,93.3 1 1
github.com/KEINOS/go-todotxt/todo/internal/parse/parse.go:98.2,98.12 1 1
github.com/KEINOS/go-todotxt/todo/internal/parse/parse.go:108.41,110.24 1 1
github.com/KEINOS/go-todotxt/todo/internal/parse/parse.go:110.24,112.3 1 1
github.com/KEINOS/go-todotxt/todo/internal/parse/parse.go:114.2,118.69 3 1
github.com/KEINOS/go-todotxt/todo/internal/parse/parse.go:118.69,120.3 1 1
github.com/KEINOS/go-todotxt/todo/internal/parse/parse.go:123.2,123.67 1 1
github.com/KEINOS/go-todotxt/todo/internal/parse/parse.go:123.67,125.3 1 1
github.com/KEINOS/go-todotxt/todo/internal/parse/parse.go:127.2,129.21 2 1
github.com/KEINOS/go-todotxt/todo/internal/parse/parse.go:134.32,141.2 6 1
github.com/KEINOS/go-todotxt/todo/internal/parse/parse.go:144.41,145.28 1 1
github.com/KEINOS/go-todotxt/todo/internal/parse/parse.go:145.28,147.3 1 1
github.com/KEINOS/go-todotxt/todo/internal/parse/parse.go:149.2,149.24 1 1
github.com/KEINOS/go-todotxt/todo/internal/parse/parse.go:156.56,157.16 1 1
github.com/KEINOS/go-todotxt/todo/internal/parse/parse.go:157.16,159.3 1 1
github.com/KEINOS/go-todotxt/todo/internal/parse/parse.go:161.2,161.53 1 1
github.com/KEINOS/go-todotxt/todo/internal/parse/parse.go:161.53,163.3 1 1
github.com/KEINOS/go-todotxt/todo/internal/parse/parse.go:165.2,166.19 2 1
github.com/KEINOS/go-todotxt/todo/internal/parse/parse.go:166.19,168.3 1 0
github.com/KEINOS/go-todotxt/todo/internal/parse/parse.go:170.2,171.15 2 1
github.com/KEINOS/go-todotxt/todo/internal/parse/parse.go:171.15,173.3 1 0
github.com/KEINOS/go-todotxt/todo/internal/parse/parse.go:175.2,175.19 1 1
github.com/KEINOS/go-todotxt/todo/internal/parse/parse_retrieval.go:19.34,21.2 1 1
github.com/KEINOS/go-todotxt/todo/internal/parse/parse_retrieval.go:24.36,25.23 1 1
github.com/KEINOS/go-todotxt/todo/internal/parse/parse_retrieval.go:25.23,27.3 1 1
github.com/KEINOS/go-todotxt/todo/internal/parse/parse_retrieval.go:29.2,31.37 2 1
github.com/KEINOS/go-todotxt/todo/internal/parse/parse_retrieval.go:31.37,32.23 1 1
github.com/KEINOS/go-todotxt/todo/internal/parse/parse_retrieval.go:32.23,33.9 1 1
github.com/KEINOS/go-todotxt/todo/internal/parse/parse_retrieval.go:36.3,36.27 1 1
github.com/KEINOS/go-todotxt/todo/internal/parse/parse_retrieval.go:36.27,38.4 1 1
github.com/KEINOS/go-todotxt/todo/internal/parse/parse_retrieval.go:41.2,41.11 1 1
github.com/KEINOS/go-todotxt/todo/internal/parse/parse_retrieval.go:46.41,47.38 1 1
github.com/KEINOS/go-todotxt/todo/internal/parse/parse_retrieval.go:47.38,49.3 1 1
github.com/KEINOS/go-todotxt/todo/internal/parse/parse_retrieval.go:51.2,53.59 2 1
github.com/KEINOS/go-todotxt/todo/internal/parse/parse_retrieval.go:53.59,55.3 1 1
github.com/KEINOS/go-todotxt/todo/internal/parse/parse_retrieval.go:57.2,57.11 1 1
github.com/KEINOS/go-todotxt/todo/internal/parse/parse_retrieval.go:66.39,67.23 1 1
github.com/KEINOS/go-todotxt/todo/internal/parse/parse_retrieval.go:67.23,69.3 1 1
github.com/KEINOS/go-todotxt/todo/internal/parse/parse_retrieval.go:71.2,75.59 3 1
github.com/KEINOS/go-todotxt/todo/internal/parse/parse_retrieval.go:75.59,76.18 1 1
github.com/KEINOS/go-todotxt/todo/internal/parse/parse_retrieval.go:76.18,78.4 1 1
github.com/KEINOS/go-todotxt/todo/internal/parse/parse_retrieval.go:80.3,80.10 1 1
github.com/KEINOS/go-todotxt/todo/internal/parse/parse_retrieval.go:84.2,84.59 1 1
github.com/KEINOS/go-todotxt/todo/internal/parse/parse_retrieval.go:84.59,85.17 1 1
github.com/KEINOS/go-todotxt/todo/internal/parse/parse_retrieval.go:85.17,87.4 1 1
github.com/KEINOS/go-todotxt/todo/internal/parse/parse_retrieval.go:90.2,90.11 1 1
github.com/KEINOS/go-todotxt/todo/internal/parse/parse_retrieval.go:97.38,98.23 1 1
github.com/KEINOS/go-todotxt/todo/internal/parse/parse_retrieval.go:98.23,100.3 1 1
github.com/KEINOS/go-todotxt/todo/internal/parse/parse_retrieval.go:102.2,106.41 3 1
github.com/KEINOS/go-todotxt/todo/internal/parse/parse_retrieval.go:106.41,107.25 1 1
github.com/KEINOS/go-todotxt/todo/internal/parse/parse_retrieval.go:107.25,109.4 1 1
github.com/KEINOS/go-todotxt/todo/internal/parse/parse_retrieval.go:112.2,112.33 1 1
github.com/KEINOS/go-todotxt/todo/internal/parse/parse_retrieval.go:119.38,120.23 1 1
github.com/KEINOS/go-todotxt/todo/internal/parse/parse_retrieval.go:120.23,122.3 1 1
github.com/KEINOS/go-todotxt/todo/internal/parse/parse_retrieval.go:124.2,128.41 3 1
github.com/KEINOS/go-todotxt/todo/internal/parse/parse_retrieval.go:128.41,129.25 1 1
github.com/KEINOS/go-todotxt/todo/internal/parse/parse_retrieval.go:129.25,131.4 1 1
github.com/KEINOS/go-todotxt/todo/internal/parse/parse_retrieval.go:134.2,134.33 1 1
github.com/KEINOS/go-todotxt/todo/internal/parse/parse_retrieval.go:149.39,151.23 1 1
github.com/KEINOS/go-todotxt/todo/internal/parse/parse_retrieval.go:151.23,153.3 1 1
github.com/KEINOS/go-todotxt/todo/internal/parse/parse_retrieval.go:155.2,158.60 2 1
github.com/KEINOS/go-todotxt/todo/internal/parse/parse_retrieval.go:158.60,160.3 1 1
github.com/KEINOS/go-todotxt/todo/internal/parse/parse_retrieval.go:163.2,163.16 1 1
github.com/KEINOS/go-todotxt/todo/internal/parse/parse_retrieval.go:163.16,166.27 2 1
github.com/KEINOS/go-todotxt/todo/internal/parse/parse_retrieval.go:166.27,168.4 1 1
github.com/KEINOS/go-todotxt/todo/internal/parse/parse_retrieval.go:170.3,170.16 1 1
github.com/KEINOS/go-todotxt/todo/internal/parse/parse_retrieval.go:174.2,182.26 5 1
github.com/KEINOS/go-todotxt/todo/internal/parse/parse_retrieval.go:182.26,184.3 1 1
github.com/KEINOS/go-todotxt/todo/internal/parse/parse_retrieval.go:186.2,186.15 1 1
github.com/KEINOS/go-todotxt/todo/internal/parse/parse_retrieval.go:194.48,195.23 1 1
github.com/KEINOS/go-todotxt/todo/internal/parse/parse_retrieval.go:195.23,197.3 1 1
github.com/KEINOS/go-todotxt/todo/internal/parse/parse_retrieval.go:199.2,199.28 1 1
github.com/KEINOS/go-todotxt/todo/internal/parse/parse_retrieval.go:199.28,201.3 1 1
github.com/KEINOS/go-todotxt/todo/internal/parse/parse_retrieval.go:203.2,211.41 5 1
github.com/KEINOS/go-todotxt/todo/internal/parse/parse_retrieval.go:211.41,212.24 1 1
github.com/KEINOS/go-todotxt/todo/internal/parse/parse_retrieval.go:212.24,213.12 1 1
github.com/KEINOS/go-todotxt/todo/internal/parse/parse_retrieval.go:216.3,219.32 2 1
github.com/KEINOS/go-todotxt/todo/internal/parse/parse_retrieval.go:219.32,221.4 1 1
github.com/KEINOS/go-todotxt/todo/internal/parse/parse_retrieval.go:224.2,224.31 1 1
github.com/KEINOS/go-todotxt/todo/internal/parse/parse_retrieval.go:224.31,226.3 1 1
github.com/KEINOS/go-todotxt/todo/internal/parse/parse_retrieval.go:228.2,228.24 1 1
github.com/KEINOS/go-todotxt/todo/internal/parse/parse_retrieval.go:247.35,248.23 1 1
github.com/KEINOS/go-todotxt/todo/internal/parse/parse_retrieval.go:248.23,250.3 1 1
github.com/KEINOS/go-todotxt/todo/internal/parse/parse_retrieval.go:252.2,252.26 1 1
github.com/KEINOS/go-todotxt/todo/internal/parse/parse_retrieval.go:252.26,254.3 1 1
github.com/KEINOS/go-todotxt/todo/internal/parse/parse_retrieval.go:256.2,256.11 1 1
github.com/KEINOS/go-todotxt/todo/internal/parse/parse_retrieval.go:263.42,278.2 1 1
github.com/KEINOS/go-todotxt/todo/internal/parse/parse_status.go:16.42,18.28 1 1
github.com/KEINOS/go-todotxt/todo/internal/parse/parse_status.go:18.28,20.3 1 1
github.com/KEINOS/go-todotxt/todo/internal/parse/parse_status.go:22.2,26.23 3 1
github.com/KEINOS/go-todotxt/todo/internal/parse/parse_status.go:26.23,31.3 3 1
github.com/KEINOS/go-todotxt/todo/internal/parse/parse_status.go:34.2,36.33 2 1
github.com/KEINOS/go-todotxt/todo/internal/parse/parse_status.go:36.33,37.22 1 1
github.com/KEINOS/go-todotxt/todo/internal/parse/parse_status.go:37.22,40.9 2 1
github.com/KEINOS/go-todotxt/todo/internal/parse/parse_status.go:44.2,44.19 1 1
github.com/KEINOS/go-todotxt/todo/internal/parse/parse_status.go:44.19,48.3 2 1
github.com/KEINOS/go-todotxt/todo/internal/parse/parse_status.go:51.2,55.20 3 1
github.com/KEINOS/go-todotxt/todo/internal/parse/parse_status.go:55.20,59.3 2 1
github.com/KEINOS/go-todotxt/todo/internal/parse/parse_status.go:61.2,65.31 3 1
github.com/KEINOS/go-todotxt/todo/internal/parse/parse_status.go:72.41,73.27 1 1
github.com/KEINOS/go-todotxt/todo/internal/parse/parse_status.go:73.27,75.3 1 1
github.com/KEINOS/go-todotxt/todo/internal/parse/parse_status.go:77.2,77.27 1 1
github.com/KEINOS/go-todotxt/todo/internal/parse/parse_status.go:77.27,79.3 1 1
github.com/KEINOS/go-todotxt/todo/internal/parse/parse_status.go:81.2,81.24 1 1
github.com/KEINOS/go-todotxt/todo/internal/parse/parse_status.go:85.39,86.28 1 1
github.com/KEINOS/go-todotxt/todo/internal/parse/parse_status.go:86.28,88.3 1 1
github.com/KEINOS/go-todotxt/todo/internal/parse/parse_status.go:90.2,93.25 3 1
github.com/KEINOS/go-todotxt/todo/internal/parse/parse_status.go:99.32,101.2 1 1
github.com/KEINOS/go-todotxt/todo/internal/parse/parse_status.go:104.37,105.21 1 1
github.com/KEINOS/go-todotxt/todo/internal/parse/parse_status.go:105.21,107.3 1 1
github.com/KEINOS/go-todotxt/todo/internal/parse/parse_status.go:109.2,112.18 3 1
